┌ Warning: Pkg.clone is only kept for legacy CI script reasons, please use `add`
└ @ Pkg.API /buildworker/worker/package_linux64/build/usr/share/julia/stdlib/v1.2/Pkg/src/API.jl:406
ERROR: LoadError: UndefVarError: checkout not defined
Stacktrace:
 [1] dep_install(::String, ::String) at /home/local/USHERBROOKE/goys2402/Bureau/ARCTR.jl/deps/install.jl:22
 [2] deps_install(::Dict{String,String}) at /home/local/USHERBROOKE/goys2402/Bureau/ARCTR.jl/deps/install.jl:28
 [3] top-level scope at /home/local/USHERBROOKE/goys2402/Bureau/ARCTR.jl/deps/install.jl:32
 [4] include at ./boot.jl:328 [inlined]
 [5] include_relative(::Module, ::String) at ./loading.jl:1094
 [6] include(::Module, ::String) at ./Base.jl:31
 [7] exec_options(::Base.JLOptions) at ./client.jl:295
 [8] _start() at ./client.jl:464
in expression starting at /home/local/USHERBROOKE/goys2402/Bureau/ARCTR.jl/deps/install.jl:32
  Updating registry at `~/.julia/registries/General`
  Updating git-repo `https://github.com/JuliaRegistries/General.git`
[?25l[2K[?25h   Cloning git-repo `https://github.com/JuliaSmoothOptimizers/Krylov.jl.git`
[?25l    Fetching: [>                                        ]  0.0 %[2K[?25h  Updating git-repo `https://github.com/JuliaSmoothOptimizers/Krylov.jl.git`
[?25l    Fetching: [>                                        ]  0.0 %[2K[?25h Resolving package versions...
  Updating `/tmp/jl_3cPWhU/Project.toml`
  [ba0b0d4f] ~ Krylov v0.3.0+ [`~/Bureau/Krylov.jl`] ⇒ v0.3.0+ [`~/.julia/dev/Krylov`]
  Updating `/tmp/jl_3cPWhU/Manifest.toml`
  [ba0b0d4f] ~ Krylov v0.3.0+ [`~/Bureau/Krylov.jl`] ⇒ v0.3.0+ [`~/.julia/dev/Krylov`]
  [2a0f44e3] ~ Base64  [`@stdlib/Base64`] ⇒ 
  [ade2ca70] ~ Dates  [`@stdlib/Dates`] ⇒ 
  [8bb1440f] ~ DelimitedFiles  [`@stdlib/DelimitedFiles`] ⇒ 
  [8ba89e20] ~ Distributed  [`@stdlib/Distributed`] ⇒ 
  [9fa8497b] ~ Future  [`@stdlib/Future`] ⇒ 
  [b77e0a4c] ~ InteractiveUtils  [`@stdlib/InteractiveUtils`] ⇒ 
  [76f85450] ~ LibGit2  [`@stdlib/LibGit2`] ⇒ 
  [8f399da3] ~ Libdl  [`@stdlib/Libdl`] ⇒ 
  [d6f4376e] ~ Markdown  [`@stdlib/Markdown`] ⇒ 
  [a63ad114] ~ Mmap  [`@stdlib/Mmap`] ⇒ 
  [3fa0cd96] ~ REPL  [`@stdlib/REPL`] ⇒ 
  [9a3f8284] ~ Random  [`@stdlib/Random`] ⇒ 
  [ea8e919c] ~ SHA  [`@stdlib/SHA`] ⇒ 
  [9e88b42a] ~ Serialization  [`@stdlib/Serialization`] ⇒ 
  [1a1011a3] ~ SharedArrays  [`@stdlib/SharedArrays`] ⇒ 
  [6462fe0b] ~ Sockets  [`@stdlib/Sockets`] ⇒ 
  [10745b16] ~ Statistics  [`@stdlib/Statistics`] ⇒ 
  [cf7118a7] ~ UUIDs  [`@stdlib/UUIDs`] ⇒ 
  [4ec0a83e] ~ Unicode  [`@stdlib/Unicode`] ⇒ 
ERROR: LoadError: failed process: Process(`julia install.jl`, ProcessExited(1)) [1]

Stacktrace:
 [1] pipeline_error at ./process.jl:813 [inlined]
 [2] #run#536(::Bool, ::typeof(run), ::Cmd) at ./process.jl:728
 [3] run(::Cmd) at ./process.jl:726
 [4] top-level scope at /home/local/USHERBROOKE/goys2402/Bureau/ARCTR.jl/deps/build.jl:1
 [5] include at ./boot.jl:328 [inlined]
 [6] include_relative(::Module, ::String) at ./loading.jl:1094
 [7] include(::Module, ::String) at ./Base.jl:31
 [8] include(::String) at ./client.jl:431
 [9] top-level scope at none:5
in expression starting at /home/local/USHERBROOKE/goys2402/Bureau/ARCTR.jl/deps/build.jl:1
